CS240: lab6. cs240 Tue Mar 31 00:09:52 EDT 2015  Total:  0 of 12

CS240: lab6. cs240 Tue Mar 31 00:10:08 EDT 2015  Total:  12 of 12

CS240: lab6. cs240 Tue Mar 31 00:11:07 EDT 2015  Total:  0 of 12

CS240: lab6. cs240 Tue Mar 31 00:11:39 EDT 2015  Total:  0 of 12

CS240: lab6. cs240 Tue Mar 31 00:13:58 EDT 2015  Total:  0 of 12

CS240: lab6. cs240 Mon Apr 13 14:14:57 EDT 2015  Total:  0 of 62

CS240: lab10. cs240 Sun Apr 2 19:37:56 EDT 2017  Total:  0 of 50

CS240: lab10. cs240 Sun Apr 2 19:40:33 EDT 2017  Total:  0 of 50

CS240: lab10. liu1589 Mon Nov 13 18:31:54 EST 2017  Total:  50 of 50

CS240: lab10. liu1589 Mon Nov 13 20:09:29 EST 2017  Total:  50 of 50

CS240: lab10. liu1589 Mon Nov 13 20:12:38 EST 2017  Total:  50 of 50

CS240: lab10. liu1589 Wed Nov 15 22:35:17 EST 2017  Total:  20 of 50

CS240: lab10. liu1589 Thu Nov 16 00:47:57 EST 2017  Total:  30 of 50

CS240: lab10. liu1589 Thu Nov 16 01:21:00 EST 2017  Total:  40 of 50

CS240: lab10. liu1589 Thu Nov 16 01:32:31 EST 2017  Total:  45 of 50

CS240: lab10. liu1589 Thu Nov 16 01:47:16 EST 2017  Total:  45 of 50

CS240: lab10. liu1589 Thu Nov 16 01:51:17 EST 2017  Total:  45 of 50

CS240: lab10. liu1589 Thu Nov 16 01:53:23 EST 2017  Total:  30 of 50

CS240: lab10. liu1589 Thu Nov 16 01:54:55 EST 2017  Total:  45 of 50

CS240: lab10. liu1589 Thu Nov 16 01:57:19 EST 2017  Total:  45 of 50

CS240: lab10. liu1589 Thu Nov 16 02:02:13 EST 2017  Total:  45 of 50

CS240: lab10. liu1589 Thu Nov 16 02:07:53 EST 2017  Total:  45 of 50

CS240: lab10. liu1589 Thu Nov 16 02:10:05 EST 2017  Total:  50 of 50

CS240: lab10. liu1589 Thu Nov 16 02:12:27 EST 2017  Total:  50 of 50

CS240: lab10. liu1589 Thu Nov 16 11:55:32 EST 2017  Total:  50 of 50

CS240: lab10. liu1589 Mon Dec 4 09:20:04 EST 2017  Total:  50 of 50

CS240: lab10. liu1589 Tue Dec 5 21:36:37 EST 2017  Total:  35 of 50

CS240: lab10. liu1589 Tue Dec 5 21:38:39 EST 2017  Total:  50 of 50

CS240: lab10. liu1589 Wed Dec 6 10:06:25 EST 2017  Total:  50 of 50

CS240: lab10. liu1589 Thu Dec 7 11:29:08 EST 2017  Total:  50 of 50

