CS240: Exam3. pheldrin Fri Dec 11 00:41:36 EST 2015  Total:  6 of 25
6
25
CS240: Exam3. pheldrin Fri Dec 11 00:44:50 EST 2015  Total:  25 of 25
25
25
CS240: Exam3. pheldrin Fri Dec 11 00:44:56 EST 2015  Total:  25 of 25
25
25
CS240: Exam3. pheldrin Sun Dec 13 21:19:35 EST 2015  Total:  25 of 25
25
25
CS240: Exam3. pheldrin Sun Dec 13 21:20:11 EST 2015  Total:  25 of 25
25
25
CS240: Exam3. pheldrin Sun Dec 13 21:20:31 EST 2015  Total:  25 of 25
25
25
CS240: Exam3. pheldrin Sun Dec 13 21:39:46 EST 2015  Total:  0 of 25
0
25
CS240: Exam3. pheldrin Sun Dec 13 21:45:11 EST 2015  Total:  0 of 25
0
25
CS240: Exam3. pheldrin Sun Dec 13 21:45:36 EST 2015  Total:  0 of 25
0
25
CS240: Exam3. pheldrin Sun Dec 13 21:46:04 EST 2015  Total:  0 of 25
0
25
CS240: Exam3. cs240 Tue Nov 14 08:56:45 EST 2017  Total:  0 of 25
0
25
CS240: Exam3. liu1589 Thu Nov 16 12:16:46 EST 2017  Total:  3 of 25
3
25
CS240: Exam3. liu1589 Thu Nov 16 12:19:41 EST 2017  Total:  9 of 25
9
25
CS240: Exam3. liu1589 Thu Nov 16 12:22:05 EST 2017  Total:  9 of 25
9
25
CS240: Exam3. liu1589 Thu Nov 16 12:23:17 EST 2017  Total:  12 of 25
12
25
CS240: Exam3. liu1589 Thu Nov 16 12:53:53 EST 2017  Total:  12 of 25
12
25
CS240: Exam3. liu1589 Thu Nov 16 12:55:00 EST 2017  Total:  18 of 25
18
25
CS240: Exam3. liu1589 Tue Nov 28 22:21:15 EST 2017  Total:  18 of 25
18
25
CS240: Exam3. liu1589 Tue Nov 28 22:35:52 EST 2017  Total:  3 of 25
3
25
CS240: Exam3. liu1589 Tue Nov 28 22:36:52 EST 2017  Total:  6 of 25
6
25
CS240: Exam3. liu1589 Tue Nov 28 22:39:20 EST 2017  Total:  6 of 25
6
25
CS240: Exam3. liu1589 Tue Nov 28 22:39:37 EST 2017  Total:  12 of 25
12
25
CS240: Exam3. liu1589 Tue Nov 28 22:41:07 EST 2017  Total:  12 of 25
12
25
CS240: Exam3. liu1589 Tue Nov 28 22:42:52 EST 2017  Total:  12 of 25
12
25
CS240: Exam3. liu1589 Tue Nov 28 22:44:48 EST 2017  Total:  18 of 25
18
25
CS240: Exam3. liu1589 Tue Nov 28 23:06:43 EST 2017  Total:  18 of 25
18
25
CS240: Exam3. liu1589 Tue Nov 28 23:09:28 EST 2017  Total:  18 of 25
18
25
CS240: Exam3. liu1589 Tue Nov 28 23:15:34 EST 2017  Total:  18 of 25
18
25
CS240: Exam3. liu1589 Tue Nov 28 23:16:45 EST 2017  Total:  18 of 25
18
25
CS240: Exam3. liu1589 Tue Nov 28 23:17:34 EST 2017  Total:  18 of 25
18
25
CS240: Exam3. liu1589 Tue Nov 28 23:19:36 EST 2017  Total:  25 of 25
25
25
CS240: Exam3. liu1589 Wed Nov 29 22:29:01 EST 2017  Total:  25 of 25
25
25
CS240: Exam3. liu1589 Thu Nov 30 01:43:18 EST 2017  Total:  25 of 25
25
25
CS240: Exam3. liu1589 Thu Nov 30 09:02:21 EST 2017  Total:  25 of 25
25
25
