CS240: Exam2. pheldrin Thu Oct 15 12:42:16 EDT 2015  Total:  15 of 15
15
15
CS240: Exam2. pheldrin Thu Oct 15 13:06:45 EDT 2015  Total:  15 of 24
15
24
CS240: Exam2. pheldrin Thu Oct 15 13:07:36 EDT 2015  Total:  24 of 24
24
24
CS240: Exam2. pheldrin Thu Oct 15 13:08:54 EDT 2015  Total:  24 of 24
24
24
CS240: Exam2. pheldrin Thu Oct 15 13:10:01 EDT 2015  Total:  12 of 12
12
12
CS240: Exam2. pheldrin Thu Oct 15 13:10:23 EDT 2015  Total:  24 of 24
24
24
CS240: Exam2. pheldrin Thu Oct 15 13:11:57 EDT 2015  Total:  24 of 24
24
24
CS240: Exam2. pheldrin Thu Oct 15 13:14:18 EDT 2015  Total:  24 of 24
24
24
CS240: Exam2. pheldrin Thu Oct 15 14:51:52 EDT 2015  Total:  24 of 24
24
24
CS240: Exam2. pheldrin Thu Oct 15 21:43:41 EDT 2015  Total:  24 of 24
24
24
CS240: Exam2. pheldrin Thu Oct 15 21:49:10 EDT 2015  Total:  24 of 24
24
24
CS240: Exam2. pheldrin Thu Oct 15 21:49:42 EDT 2015  Total:  24 of 24
24
24
CS240: Exam2. pheldrin Thu Oct 15 21:51:25 EDT 2015  Total:  24 of 24
24
24
CS240: Exam2. pheldrin Thu Oct 15 21:51:59 EDT 2015  Total:  24 of 24
24
24
CS240: Exam2. pheldrin Thu Oct 15 21:53:28 EDT 2015  Total:  24 of 24
24
24
CS240: Exam2. pheldrin Fri Oct 16 02:36:20 EDT 2015  Total:  24 of 24
24
24
CS240: Exam2. pheldrin Fri Oct 16 21:47:52 EDT 2015  Total:  18 of 24
18
24
CS240: Exam2. pheldrin Fri Oct 16 21:48:33 EDT 2015  Total:  24 of 24
24
24
CS240: Exam2. pheldrin Sun Oct 18 00:27:34 EDT 2015  Total:  24 of 24
24
24
CS240: Exam2. pheldrin Sun Oct 18 00:27:39 EDT 2015  Total:  24 of 24
24
24
CS240: Exam2. pheldrin Sun Oct 18 16:24:48 EDT 2015  Total:  24 of 24
24
24
CS240: Exam2. pheldrin Sun Oct 18 17:45:27 EDT 2015  Total:  24 of 24
24
24
CS240: Exam2. pheldrin Sun Oct 18 19:29:30 EDT 2015  Total:  24 of 24
24
24
CS240: Exam2. pheldrin Sun Oct 18 19:37:59 EDT 2015  Total:  24 of 24
24
24
CS240: Exam2. pheldrin Sun Oct 18 19:41:04 EDT 2015  Total:  24 of 24
24
24
CS240: Exam2. pheldrin Sun Oct 18 23:58:20 EDT 2015  Total:  24 of 24
24
24
CS240: Exam2. pheldrin Mon Oct 19 00:02:02 EDT 2015  Total:  24 of 24
24
24
CS240: Exam2. pheldrin Mon Oct 19 00:02:18 EDT 2015  Total:  24 of 24
24
24
CS240: Exam2. pheldrin Mon Oct 19 00:06:43 EDT 2015  Total:  24 of 24
24
24
CS240: Exam2. pheldrin Mon Oct 19 00:08:21 EDT 2015  Total:  24 of 24
24
24
CS240: Exam2. cs240 Mon Oct 19 02:25:21 EDT 2015  Total:  24 of 24
24
24
CS240: Exam2. cs240 Mon Oct 19 02:26:00 EDT 2015  Total:  30 of 30
30
30
CS240: Exam2. cs240 Mon Oct 19 02:28:28 EDT 2015  Total:  30 of 30
30
30
CS240: Exam2. cs240 Mon Oct 19 04:40:23 EDT 2015  Total:  3 of 30
3
30
CS240: Exam2. cs240 Mon Oct 19 04:44:18 EDT 2015  Total:  3 of 30
3
30
CS240: Exam2. cs240 Mon Oct 19 04:47:59 EDT 2015  Total:  3 of 30
3
30
CS240: Exam2. cs240 Mon Oct 19 04:53:56 EDT 2015  Total:  3 of 30
3
30
CS240: Exam2. cs240 Mon Oct 19 12:56:56 EDT 2015  Total:  3 of 30
3
30
CS240: Exam2. cs240 Mon Mar 6 22:12:38 EST 2017  Total:  3 of 30
3
30
CS240: Exam2. cs240 Mon Mar 6 22:13:34 EST 2017  Total:  3 of 30
3
30
CS240: Exam2. liu1589 Thu Oct 19 12:29:27 EDT 2017  Total:  3 of 30
3
30
CS240: Exam2. liu1589 Thu Oct 19 12:30:25 EDT 2017  Total:  9 of 30
9
30
CS240: Exam2. liu1589 Thu Oct 19 12:32:20 EDT 2017  Total:  9 of 30
9
30
CS240: Exam2. liu1589 Thu Oct 19 12:33:16 EDT 2017  Total:  15 of 30
15
30
CS240: Exam2. liu1589 Thu Oct 19 12:37:18 EDT 2017  Total:  18 of 30
18
30
CS240: Exam2. liu1589 Thu Oct 19 12:41:34 EDT 2017  Total:  18 of 30
18
30
CS240: Exam2. liu1589 Thu Oct 19 12:46:58 EDT 2017  Total:  24 of 30
24
30
CS240: Exam2. liu1589 Thu Oct 19 12:48:33 EDT 2017  Total:  21 of 30
21
30
CS240: Exam2. liu1589 Thu Oct 19 13:09:13 EDT 2017  Total:  18 of 30
18
30
CS240: Exam2. liu1589 Thu Oct 19 13:14:03 EDT 2017  Total:  21 of 30
21
30
CS240: Exam2. liu1589 Thu Oct 19 13:19:54 EDT 2017  Total:  21 of 30
21
30
CS240: Exam2. liu1589 Thu Oct 19 13:20:44 EDT 2017  Total:  27 of 30
27
30
CS240: Exam2. liu1589 Thu Oct 19 15:45:44 EDT 2017  Total:  27 of 30
27
30
CS240: Exam2. liu1589 Thu Oct 19 15:47:58 EDT 2017  Total:  27 of 30
27
30
CS240: Exam2. liu1589 Tue Oct 24 22:37:56 EDT 2017  Total:  27 of 30
27
30
CS240: Exam2. liu1589 Wed Oct 25 00:03:32 EDT 2017  Total:  27 of 30
27
30
CS240: Exam2. liu1589 Wed Oct 25 00:55:10 EDT 2017  Total:  27 of 30
27
30
CS240: Exam2. liu1589 Wed Oct 25 00:59:26 EDT 2017  Total:  27 of 30
27
30
