CS240: Exam2. cs240 Sun Oct 18 21:19:21 EDT 2015  Total:  0 of 20
0
20
CS240: Exam2. cs240 Sun Oct 18 21:20:20 EDT 2015  Total:  20 of 20
20
20
CS240: Exam2. cs240 Sun Oct 18 21:20:42 EDT 2015  Total:  20 of 20
20
20
CS240: Exam2. cs240 Mon Oct 19 02:25:22 EDT 2015  Total:  20 of 20
20
20
CS240: Exam2. cs240 Mon Oct 19 02:28:29 EDT 2015  Total:  20 of 20
20
20
CS240: Exam2. cs240 Mon Oct 19 04:44:10 EDT 2015  Total:  0 of 20
0
20
CS240: Exam2. cs240 Mon Oct 19 04:44:20 EDT 2015  Total:  0 of 20
0
20
CS240: Exam2. cs240 Mon Oct 19 04:48:00 EDT 2015  Total:  0 of 20
0
20
CS240: Exam2. cs240 Mon Oct 19 04:53:57 EDT 2015  Total:  0 of 20
0
20
CS240: Exam2. cs240 Mon Oct 19 12:58:22 EDT 2015  Total:  0 of 20
0
20
CS240: Exam2. cs240 Mon Mar 6 22:13:35 EST 2017  Total:  0 of 20
0
20
CS240: Exam2. liu1589 Wed Oct 25 00:03:20 EDT 2017  Total:  0 of 20
0
20
CS240: Exam2. liu1589 Wed Oct 25 00:03:32 EDT 2017  Total:  0 of 20
0
20
CS240: Exam2. liu1589 Wed Oct 25 00:31:29 EDT 2017  Total:  0 of 20
0
20
CS240: Exam2. liu1589 Wed Oct 25 00:33:47 EDT 2017  Total:  0 of 20
0
20
CS240: Exam2. liu1589 Wed Oct 25 00:36:59 EDT 2017  Total:  0 of 20
0
20
CS240: Exam2. liu1589 Wed Oct 25 00:38:30 EDT 2017  Total:  7 of 20
7
20
CS240: Exam2. liu1589 Wed Oct 25 00:45:46 EDT 2017  Total:  7 of 20
7
20
CS240: Exam2. liu1589 Wed Oct 25 00:48:23 EDT 2017  Total:  7 of 20
7
20
