CS240: Exam3. pheldrin Thu Dec 10 20:12:55 EST 2015  Total:  25 of 25
25
25
CS240: Exam3. pheldrin Thu Dec 10 20:13:53 EST 2015  Total:  25 of 25
25
25
CS240: Exam3. pheldrin Fri Dec 11 00:41:36 EST 2015  Total:  25 of 25
25
25
CS240: Exam3. pheldrin Fri Dec 11 00:44:55 EST 2015  Total:  25 of 25
25
25
CS240: Exam3. pheldrin Fri Dec 11 22:03:10 EST 2015  Total:  25 of 25
25
25
CS240: Exam3. pheldrin Fri Dec 11 22:12:25 EST 2015  Total:  25 of 25
25
25
CS240: Exam3. pheldrin Fri Dec 11 22:13:32 EST 2015  Total:  25 of 25
25
25
CS240: Exam3. pheldrin Fri Dec 11 22:13:43 EST 2015  Total:  25 of 25
25
25
CS240: Exam3. pheldrin Fri Dec 11 22:20:51 EST 2015  Total:  25 of 25
25
25
CS240: Exam3. pheldrin Fri Dec 11 22:28:36 EST 2015  Total:  25 of 25
25
25
CS240: Exam3. pheldrin Fri Dec 11 22:40:19 EST 2015  Total:  25 of 25
25
25
CS240: Exam3. pheldrin Fri Dec 11 22:41:18 EST 2015  Total:  3 of 25
3
25
CS240: Exam3. pheldrin Fri Dec 11 22:41:24 EST 2015  Total:  3 of 25
3
25
CS240: Exam3. pheldrin Sun Dec 13 21:44:23 EST 2015  Total:  3 of 25
3
25
CS240: Exam3. pheldrin Sun Dec 13 21:44:34 EST 2015  Total:  3 of 25
3
25
CS240: Exam3. pheldrin Sun Dec 13 21:44:54 EST 2015  Total:  3 of 25
3
25
CS240: Exam3. cs240 Tue Nov 14 08:56:48 EST 2017  Total:  3 of 25
3
25
CS240: Exam3. liu1589 Tue Nov 28 22:21:18 EST 2017  Total:  3 of 25
3
25
CS240: Exam3. liu1589 Tue Nov 28 22:28:25 EST 2017  Total:  3 of 25
3
25
CS240: Exam3. liu1589 Wed Nov 29 18:55:39 EST 2017  Total:  3 of 25
3
25
CS240: Exam3. liu1589 Wed Nov 29 19:07:19 EST 2017  Total:  3 of 25
3
25
CS240: Exam3. liu1589 Wed Nov 29 19:07:57 EST 2017  Total:  3 of 25
3
25
CS240: Exam3. liu1589 Wed Nov 29 21:38:31 EST 2017  Total:  3 of 25
3
25
CS240: Exam3. liu1589 Wed Nov 29 22:08:15 EST 2017  Total:  9 of 25
9
25
CS240: Exam3. liu1589 Wed Nov 29 22:26:32 EST 2017  Total:  15 of 25
15
25
CS240: Exam3. liu1589 Wed Nov 29 22:29:24 EST 2017  Total:  15 of 25
15
25
CS240: Exam3. liu1589 Wed Nov 29 22:48:05 EST 2017  Total:  15 of 25
15
25
CS240: Exam3. liu1589 Thu Nov 30 01:43:41 EST 2017  Total:  15 of 25
15
25
CS240: Exam3. liu1589 Thu Nov 30 08:44:20 EST 2017  Total:  15 of 25
15
25
CS240: Exam3. liu1589 Thu Nov 30 08:58:35 EST 2017  Total:  24 of 25
24
25
CS240: Exam3. liu1589 Thu Nov 30 09:02:00 EST 2017  Total:  25 of 25
25
25
CS240: Exam3. liu1589 Thu Nov 30 09:02:22 EST 2017  Total:  25 of 25
25
25
