CS240: Exam2. pheldrin Thu Oct 15 21:29:55 EDT 2015  Total:  0 of 16
0
16
CS240: Exam2. pheldrin Thu Oct 15 21:30:09 EDT 2015  Total:  0 of 24
0
24
CS240: Exam2. pheldrin Thu Oct 15 21:41:39 EDT 2015  Total:  0 of 24
0
24
CS240: Exam2. pheldrin Thu Oct 15 21:42:30 EDT 2015  Total:  24 of 24
24
24
CS240: Exam2. pheldrin Thu Oct 15 21:44:20 EDT 2015  Total:  24 of 24
24
24
CS240: Exam2. pheldrin Thu Oct 15 21:49:11 EDT 2015  Total:  24 of 24
24
24
CS240: Exam2. pheldrin Thu Oct 15 21:49:42 EDT 2015  Total:  24 of 24
24
24
CS240: Exam2. pheldrin Thu Oct 15 21:51:26 EDT 2015  Total:  24 of 24
24
24
CS240: Exam2. pheldrin Thu Oct 15 21:51:59 EDT 2015  Total:  24 of 24
24
24
CS240: Exam2. pheldrin Thu Oct 15 21:53:28 EDT 2015  Total:  24 of 24
24
24
CS240: Exam2. pheldrin Thu Oct 15 21:56:52 EDT 2015  Total:  24 of 24
24
24
CS240: Exam2. pheldrin Fri Oct 16 02:36:21 EDT 2015  Total:  24 of 24
24
24
CS240: Exam2. pheldrin Sun Oct 18 00:27:35 EDT 2015  Total:  24 of 24
24
24
CS240: Exam2. pheldrin Sun Oct 18 19:29:30 EDT 2015  Total:  24 of 24
24
24
CS240: Exam2. pheldrin Sun Oct 18 19:33:00 EDT 2015  Total:  24 of 24
24
24
CS240: Exam2. pheldrin Sun Oct 18 19:39:34 EDT 2015  Total:  24 of 24
24
24
CS240: Exam2. pheldrin Sun Oct 18 19:41:04 EDT 2015  Total:  24 of 24
24
24
CS240: Exam2. pheldrin Mon Oct 19 00:08:21 EDT 2015  Total:  24 of 24
24
24
CS240: Exam2. cs240 Mon Oct 19 02:25:22 EDT 2015  Total:  24 of 24
24
24
CS240: Exam2. cs240 Mon Oct 19 02:26:33 EDT 2015  Total:  28 of 28
28
28
CS240: Exam2. cs240 Mon Oct 19 02:26:46 EDT 2015  Total:  30 of 30
30
30
CS240: Exam2. cs240 Mon Oct 19 02:28:28 EDT 2015  Total:  30 of 30
30
30
CS240: Exam2. cs240 Mon Oct 19 04:42:09 EDT 2015  Total:  0 of 30
0
30
CS240: Exam2. cs240 Mon Oct 19 04:44:19 EDT 2015  Total:  0 of 30
0
30
CS240: Exam2. cs240 Mon Oct 19 04:48:00 EDT 2015  Total:  0 of 30
0
30
CS240: Exam2. cs240 Mon Oct 19 04:53:56 EDT 2015  Total:  0 of 30
0
30
CS240: Exam2. cs240 Mon Oct 19 12:58:00 EDT 2015  Total:  0 of 30
0
30
CS240: Exam2. cs240 Mon Mar 6 22:13:34 EST 2017  Total:  0 of 30
0
30
CS240: Exam2. liu1589 Thu Oct 19 15:49:12 EDT 2017  Total:  0 of 30
0
30
CS240: Exam2. liu1589 Thu Oct 19 15:52:03 EDT 2017  Total:  0 of 30
0
30
CS240: Exam2. liu1589 Thu Oct 19 15:53:22 EDT 2017  Total:  0 of 30
0
30
CS240: Exam2. liu1589 Thu Oct 19 15:56:09 EDT 2017  Total:  0 of 30
0
30
CS240: Exam2. liu1589 Thu Oct 19 15:56:41 EDT 2017  Total:  0 of 30
0
30
CS240: Exam2. liu1589 Thu Oct 19 15:57:09 EDT 2017  Total:  0 of 30
0
30
CS240: Exam2. liu1589 Thu Oct 19 16:01:34 EDT 2017  Total:  0 of 30
0
30
CS240: Exam2. liu1589 Thu Oct 19 16:05:24 EDT 2017  Total:  0 of 30
0
30
CS240: Exam2. liu1589 Thu Oct 19 16:05:50 EDT 2017  Total:  0 of 30
0
30
CS240: Exam2. liu1589 Thu Oct 19 16:06:40 EDT 2017  Total:  0 of 30
0
30
CS240: Exam2. liu1589 Thu Oct 19 16:07:04 EDT 2017  Total:  0 of 30
0
30
CS240: Exam2. liu1589 Thu Oct 19 16:07:22 EDT 2017  Total:  0 of 30
0
30
CS240: Exam2. liu1589 Thu Oct 19 16:08:25 EDT 2017  Total:  7 of 30
7
30
CS240: Exam2. liu1589 Thu Oct 19 16:18:59 EDT 2017  Total:  7 of 30
7
30
CS240: Exam2. liu1589 Thu Oct 19 16:21:50 EDT 2017  Total:  7 of 30
7
30
CS240: Exam2. liu1589 Thu Oct 19 16:26:36 EDT 2017  Total:  7 of 30
7
30
CS240: Exam2. liu1589 Thu Oct 19 16:35:13 EDT 2017  Total:  7 of 30
7
30
CS240: Exam2. liu1589 Thu Oct 19 16:35:33 EDT 2017  Total:  7 of 30
7
30
CS240: Exam2. liu1589 Tue Oct 24 22:38:19 EDT 2017  Total:  7 of 30
7
30
CS240: Exam2. liu1589 Tue Oct 24 23:06:45 EDT 2017  Total:  0 of 30
0
30
CS240: Exam2. liu1589 Tue Oct 24 23:07:38 EDT 2017  Total:  7 of 30
7
30
CS240: Exam2. liu1589 Tue Oct 24 23:15:48 EDT 2017  Total:  0 of 30
0
30
CS240: Exam2. liu1589 Tue Oct 24 23:16:47 EDT 2017  Total:  14 of 30
14
30
CS240: Exam2. liu1589 Tue Oct 24 23:18:11 EDT 2017  Total:  22 of 30
22
30
CS240: Exam2. liu1589 Tue Oct 24 23:22:08 EDT 2017  Total:  22 of 30
22
30
CS240: Exam2. liu1589 Tue Oct 24 23:22:23 EDT 2017  Total:  30 of 30
30
30
CS240: Exam2. liu1589 Wed Oct 25 00:03:32 EDT 2017  Total:  30 of 30
30
30
CS240: Exam2. liu1589 Wed Oct 25 00:55:10 EDT 2017  Total:  30 of 30
30
30
CS240: Exam2. liu1589 Wed Oct 25 00:59:26 EDT 2017  Total:  30 of 30
30
30
