CS240: lab5. cs240 Mon Sep 28 22:37:35 EDT 2015  Total:  0 of 126

CS240: lab5. cs240 Mon Sep 28 22:39:53 EDT 2015  Total:  59 of 126

CS240: lab5. cs240 Mon Sep 28 22:43:06 EDT 2015  Total:  64 of 126

CS240: lab5. cs240 Mon Sep 28 22:44:48 EDT 2015  Total:  64 of 126

CS240: lab5. cs240 Mon Sep 28 22:46:21 EDT 2015  Total:  64 of 126

CS240: lab5. cs240 Mon Sep 28 22:48:52 EDT 2015  Total:  39 of 126

CS240: lab5. cs240 Mon Sep 28 22:50:29 EDT 2015  Total:  3 of 126

CS240: lab5. cs240 Mon Sep 28 22:51:48 EDT 2015  Total:  3 of 126

CS240: lab4. cs240 Mon Sep 28 22:52:08 EDT 2015  Total:  3 of 126

CS240: lab4. cs240 Mon Sep 28 22:52:21 EDT 2015  Total:  3 of 126

CS240: lab4. cs240 Mon Sep 28 22:55:01 EDT 2015  Total:  3 of 126

CS240: lab4. cs240 Mon Sep 28 22:55:05 EDT 2015  Total:  3 of 126

CS240: lab4. cs240 Mon Sep 28 22:58:06 EDT 2015  Total:  3 of 116

CS240: lab4. cs240 Mon Sep 28 22:59:19 EDT 2015  Total:  3 of 102

CS240: lab4. cs240 Mon Sep 28 22:59:48 EDT 2015  Total:  3 of 100

CS240: lab4. cs240 Sat Jan 28 23:09:32 EST 2017  Total:  0 of 43

CS240: lab4. liu1589 Fri Sep 22 11:30:01 EDT 2017  Total:  0 of 43

CS240: lab4. liu1589 Fri Sep 22 12:05:14 EDT 2017  Total:  0 of 43

CS240: lab4. liu1589 Fri Sep 22 12:13:45 EDT 2017  Total:  0 of 43

CS240: lab4. liu1589 Fri Sep 22 12:14:43 EDT 2017  Total:  8 of 43

CS240: lab4. liu1589 Fri Sep 22 13:04:37 EDT 2017  Total:  8 of 43

CS240: lab4. liu1589 Fri Sep 22 13:12:47 EDT 2017  Total:  8 of 43

CS240: lab4. liu1589 Fri Sep 22 13:14:23 EDT 2017  Total:  8 of 43

CS240: lab4. liu1589 Fri Sep 22 13:14:36 EDT 2017  Total:  8 of 43

CS240: lab4. liu1589 Fri Sep 22 13:16:15 EDT 2017  Total:  8 of 43

CS240: lab4. liu1589 Fri Sep 22 13:18:41 EDT 2017  Total:  8 of 43

CS240: lab4. liu1589 Wed Sep 27 09:17:18 EDT 2017  Total:  8 of 43

CS240: lab4. liu1589 Wed Sep 27 09:17:49 EDT 2017  Total:  8 of 43

CS240: lab4. liu1589 Wed Sep 27 09:53:14 EDT 2017  Total:  20 of 43

CS240: lab4. liu1589 Wed Sep 27 10:03:26 EDT 2017  Total:  20 of 43

CS240: lab4. liu1589 Wed Sep 27 10:12:48 EDT 2017  Total:  8 of 43

CS240: lab4. liu1589 Wed Sep 27 10:21:11 EDT 2017  Total:  26 of 43

CS240: lab4. liu1589 Wed Sep 27 10:28:06 EDT 2017  Total:  10 of 43

CS240: lab4. liu1589 Wed Sep 27 10:28:31 EDT 2017  Total:  10 of 43

CS240: lab4. liu1589 Wed Sep 27 10:29:05 EDT 2017  Total:  10 of 43

CS240: lab4. liu1589 Wed Sep 27 10:30:50 EDT 2017  Total:  26 of 43

CS240: lab4. liu1589 Wed Sep 27 11:15:03 EDT 2017  Total:  26 of 43

CS240: lab4. liu1589 Wed Sep 27 11:33:58 EDT 2017  Total:  26 of 43

CS240: lab4. liu1589 Wed Sep 27 11:34:43 EDT 2017  Total:  26 of 43

CS240: lab4. liu1589 Wed Sep 27 11:38:40 EDT 2017  Total:  26 of 43

CS240: lab4. liu1589 Wed Sep 27 11:42:34 EDT 2017  Total:  26 of 43

CS240: lab4. liu1589 Wed Sep 27 11:42:48 EDT 2017  Total:  26 of 43

CS240: lab4. liu1589 Wed Sep 27 11:44:15 EDT 2017  Total:  26 of 43

CS240: lab4. liu1589 Wed Sep 27 11:44:54 EDT 2017  Total:  26 of 43

CS240: lab4. liu1589 Wed Sep 27 11:45:35 EDT 2017  Total:  26 of 43

CS240: lab4. liu1589 Wed Sep 27 11:46:05 EDT 2017  Total:  26 of 43

CS240: lab4. liu1589 Wed Sep 27 11:47:46 EDT 2017  Total:  26 of 43

CS240: lab4. liu1589 Wed Sep 27 11:52:51 EDT 2017  Total:  26 of 43

CS240: lab4. liu1589 Wed Sep 27 11:55:27 EDT 2017  Total:  26 of 43

CS240: lab4. liu1589 Wed Sep 27 11:57:51 EDT 2017  Total:  26 of 43

CS240: lab4. liu1589 Wed Sep 27 11:59:44 EDT 2017  Total:  26 of 43

CS240: lab4. liu1589 Wed Sep 27 12:00:47 EDT 2017  Total:  26 of 43

CS240: lab4. liu1589 Wed Sep 27 12:04:11 EDT 2017  Total:  26 of 43

CS240: lab4. liu1589 Wed Sep 27 12:12:46 EDT 2017  Total:  28 of 43

CS240: lab4. liu1589 Wed Sep 27 12:18:08 EDT 2017  Total:  28 of 43

CS240: lab4. liu1589 Wed Sep 27 12:18:55 EDT 2017  Total:  28 of 43

CS240: lab4. liu1589 Wed Sep 27 12:23:35 EDT 2017  Total:  28 of 43

CS240: lab4. liu1589 Wed Sep 27 12:26:28 EDT 2017  Total:  28 of 43

CS240: lab4. liu1589 Wed Sep 27 12:28:48 EDT 2017  Total:  28 of 43

CS240: lab4. liu1589 Wed Sep 27 12:31:44 EDT 2017  Total:  28 of 43

CS240: lab4. liu1589 Wed Sep 27 12:33:08 EDT 2017  Total:  28 of 43

CS240: lab4. liu1589 Wed Sep 27 12:35:37 EDT 2017  Total:  28 of 43

CS240: lab4. liu1589 Wed Sep 27 12:39:38 EDT 2017  Total:  28 of 43

CS240: lab4. liu1589 Wed Sep 27 12:47:18 EDT 2017  Total:  28 of 43

CS240: lab4. liu1589 Wed Sep 27 12:48:47 EDT 2017  Total:  28 of 43

CS240: lab4. liu1589 Wed Sep 27 13:00:02 EDT 2017  Total:  28 of 43

CS240: lab4. liu1589 Wed Sep 27 13:04:57 EDT 2017  Total:  31 of 43

CS240: lab4. liu1589 Wed Sep 27 13:06:01 EDT 2017  Total:  31 of 43

CS240: lab4. liu1589 Wed Sep 27 13:15:56 EDT 2017  Total:  31 of 43

CS240: lab4. liu1589 Wed Sep 27 13:18:32 EDT 2017  Total:  31 of 43

CS240: lab4. liu1589 Wed Sep 27 13:23:56 EDT 2017  Total:  31 of 43

CS240: lab4. liu1589 Wed Sep 27 13:25:02 EDT 2017  Total:  34 of 43

CS240: lab4. liu1589 Wed Sep 27 13:27:32 EDT 2017  Total:  34 of 43

CS240: lab4. liu1589 Wed Sep 27 13:27:53 EDT 2017  Total:  34 of 43

CS240: lab4. liu1589 Wed Sep 27 13:29:36 EDT 2017  Total:  37 of 43

CS240: lab4. liu1589 Wed Sep 27 13:34:34 EDT 2017  Total:  28 of 43

CS240: lab4. liu1589 Wed Sep 27 13:35:08 EDT 2017  Total:  28 of 43

CS240: lab4. liu1589 Wed Sep 27 13:38:00 EDT 2017  Total:  28 of 43

CS240: lab4. liu1589 Wed Sep 27 13:43:12 EDT 2017  Total:  37 of 43

CS240: lab4. liu1589 Wed Sep 27 13:46:02 EDT 2017  Total:  37 of 43

CS240: lab4. liu1589 Wed Sep 27 13:49:22 EDT 2017  Total:  40 of 43

CS240: lab4. liu1589 Wed Sep 27 13:51:44 EDT 2017  Total:  40 of 43

CS240: lab4. liu1589 Thu Sep 28 11:59:46 EDT 2017  Total:  40 of 43

CS240: lab4. liu1589 Sat Feb 17 11:46:41 EST 2018  Total:  40 of 43

CS240: lab4. liu1589 Sun Feb 18 17:10:51 EST 2018  Total:  40 of 43

