CS240: lab5. liu1589 Mon Oct 2 10:40:47 EDT 2017  Total:  10 of 75

CS240: lab5. liu1589 Mon Oct 2 11:44:42 EDT 2017  Total:  21 of 75

CS240: lab5. liu1589 Mon Oct 2 12:24:35 EDT 2017  Total:  21 of 75

CS240: lab5. liu1589 Mon Oct 2 12:26:36 EDT 2017  Total:  24 of 75

CS240: lab5. liu1589 Mon Oct 2 12:27:49 EDT 2017  Total:  24 of 75

CS240: lab5. liu1589 Mon Oct 2 12:27:52 EDT 2017  Total:  24 of 75

CS240: lab5. liu1589 Mon Oct 2 12:29:41 EDT 2017  Total:  27 of 75

CS240: lab5. liu1589 Mon Oct 2 12:33:41 EDT 2017  Total:  24 of 75

CS240: lab5. liu1589 Mon Oct 2 12:34:31 EDT 2017  Total:  27 of 75

CS240: lab5. liu1589 Mon Oct 2 12:35:00 EDT 2017  Total:  27 of 75

CS240: lab5. liu1589 Mon Oct 2 12:35:46 EDT 2017  Total:  30 of 75

CS240: lab5. liu1589 Mon Oct 2 12:38:49 EDT 2017  Total:  30 of 75

CS240: lab5. liu1589 Mon Oct 2 12:41:39 EDT 2017  Total:  30 of 75

CS240: lab5. liu1589 Mon Oct 2 12:45:10 EDT 2017  Total:  30 of 75

CS240: lab5. liu1589 Mon Oct 2 12:47:28 EDT 2017  Total:  33 of 75

CS240: lab5. liu1589 Mon Oct 2 12:51:25 EDT 2017  Total:  33 of 75

CS240: lab5. liu1589 Mon Oct 2 12:51:29 EDT 2017  Total:  33 of 75

CS240: lab5. liu1589 Mon Oct 2 12:54:13 EDT 2017  Total:  36 of 75

CS240: lab5. liu1589 Mon Oct 2 12:56:16 EDT 2017  Total:  42 of 75

CS240: lab5. liu1589 Mon Oct 2 13:05:59 EDT 2017  Total:  42 of 75

CS240: lab5. liu1589 Mon Oct 2 13:08:49 EDT 2017  Total:  45 of 75

CS240: lab5. liu1589 Mon Oct 2 13:09:21 EDT 2017  Total:  45 of 75

CS240: lab5. liu1589 Mon Oct 2 13:10:20 EDT 2017  Total:  48 of 75

CS240: lab5. liu1589 Mon Oct 2 13:13:40 EDT 2017  Total:  51 of 75

CS240: lab5. liu1589 Mon Oct 2 13:17:43 EDT 2017  Total:  51 of 75

CS240: lab5. liu1589 Mon Oct 2 13:28:16 EDT 2017  Total:  51 of 75

CS240: lab5. liu1589 Mon Oct 2 13:32:06 EDT 2017  Total:  51 of 75

CS240: lab5. liu1589 Mon Oct 2 13:32:27 EDT 2017  Total:  51 of 75

CS240: lab5. liu1589 Mon Oct 2 13:33:56 EDT 2017  Total:  51 of 75

CS240: lab5. liu1589 Mon Oct 2 13:34:32 EDT 2017  Total:  54 of 75

CS240: lab5. liu1589 Mon Oct 2 13:44:11 EDT 2017  Total:  54 of 75

CS240: lab5. liu1589 Mon Oct 2 13:48:02 EDT 2017  Total:  54 of 75

CS240: lab5. liu1589 Mon Oct 2 13:48:36 EDT 2017  Total:  54 of 75

CS240: lab5. liu1589 Mon Oct 2 13:48:41 EDT 2017  Total:  54 of 75

CS240: lab5. liu1589 Mon Oct 2 13:50:28 EDT 2017  Total:  54 of 75

CS240: lab5. liu1589 Mon Oct 2 13:57:06 EDT 2017  Total:  57 of 75

CS240: lab5. liu1589 Mon Oct 2 14:20:11 EDT 2017  Total:  57 of 75

CS240: lab5. liu1589 Mon Oct 2 14:30:44 EDT 2017  Total:  57 of 75

CS240: lab5. liu1589 Wed Oct 4 10:38:10 EDT 2017  Total:  57 of 75

CS240: lab5. liu1589 Wed Oct 4 11:04:45 EDT 2017  Total:  57 of 75

CS240: lab5. liu1589 Wed Oct 4 11:08:37 EDT 2017  Total:  57 of 75

CS240: lab5. liu1589 Wed Oct 4 11:11:28 EDT 2017  Total:  57 of 75

CS240: lab5. liu1589 Wed Oct 4 11:13:41 EDT 2017  Total:  61 of 75

CS240: lab5. liu1589 Wed Oct 4 11:17:08 EDT 2017  Total:  69 of 75

CS240: lab5. liu1589 Wed Oct 4 11:21:22 EDT 2017  Total:  69 of 75

CS240: lab5. liu1589 Wed Oct 4 11:22:40 EDT 2017  Total:  72 of 75

CS240: lab5. liu1589 Wed Oct 4 11:23:06 EDT 2017  Total:  72 of 75

CS240: lab5. liu1589 Wed Oct 4 11:24:35 EDT 2017  Total:  72 of 75

CS240: lab5. liu1589 Wed Oct 4 11:27:30 EDT 2017  Total:  75 of 75

CS240: lab5. liu1589 Wed Oct 4 11:28:36 EDT 2017  Total:  75 of 75

CS240: lab5. liu1589 Wed Oct 4 11:48:41 EDT 2017  Total:  75 of 75

CS240: lab5. liu1589 Wed Oct 4 12:02:41 EDT 2017  Total:  75 of 75

CS240: lab5. liu1589 Wed Oct 4 12:11:06 EDT 2017  Total:  75 of 75

CS240: lab5. liu1589 Thu Oct 5 11:54:38 EDT 2017  Total:  75 of 75

CS240: lab5. liu1589 Sat Feb 17 11:47:20 EST 2018  Total:  75 of 75

CS240: lab5. liu1589 Sat Feb 17 11:48:15 EST 2018  Total:  75 of 75

CS240: lab5. liu1589 Sun Feb 18 14:17:24 EST 2018  Total:  75 of 75

