

-------------------------------------------------
CS240: Lab 2b. cs240   
Sat Aug 29 15:19:08 EDT 2015
-------------------------------------------------
test_mystring test1                 : 0   of 3  
test_mystring test2                 : 0   of 3  
test_mystring test3                 : 0   of 3  
test_mystring test4                 : 0   of 3  
test_mystring test5                 : 0   of 3  
test_mystring test6                 : 0   of 3  
test_mystring test7                 : 0   of 3  
-------------------------------------------------
CS240: Lab 2b. cs240 Sat Aug 29 15:19:08 EDT 2015  Total:  0 of 21



-------------------------------------------------
CS240: Lab 2b. cs240   
Sat Aug 29 15:25:50 EDT 2015
-------------------------------------------------
test_mystring test1                 : 3   of 3  
test_mystring test2                 : 3   of 3  
test_mystring test3                 : 3   of 3  
test_mystring test4                 : 3   of 3  
test_mystring test5                 : 3   of 3  
test_mystring test6                 : 3   of 3  
test_mystring test7                 : 3   of 3  
-------------------------------------------------
CS240: Lab 2b. cs240 Sat Aug 29 15:25:50 EDT 2015  Total:  21 of 21



-------------------------------------------------
CS240: Lab 2b. cs240   
Sat Aug 29 15:26:57 EDT 2015
-------------------------------------------------
test_mystring test1                 : 3   of 3  
test_mystring test2                 : 3   of 3  
test_mystring test3                 : 3   of 3  
test_mystring test4                 : 3   of 3  
test_mystring test5                 : 3   of 3  
test_mystring test6                 : 3   of 3  
test_mystring test7                 : 3   of 3  
-------------------------------------------------
CS240: Lab 2b. cs240 Sat Aug 29 15:26:57 EDT 2015  Total:  21 of 21



-------------------------------------------------
CS240: Lab 2b. cs240   
Sat Aug 29 15:27:45 EDT 2015
-------------------------------------------------
test_mystring test1                 : 0   of 3  
test_mystring test2                 : 0   of 3  
test_mystring test3                 : 0   of 3  
test_mystring test4                 : 0   of 3  
test_mystring test5                 : 0   of 3  
test_mystring test6                 : 0   of 3  
test_mystring test7                 : 0   of 3  
-------------------------------------------------
CS240: Lab 2b. cs240 Sat Aug 29 15:27:45 EDT 2015  Total:  0 of 21



-------------------------------------------------
CS240: Lab 2b. cs240   
Sat Aug 29 15:28:05 EDT 2015
-------------------------------------------------
test_mystring test1                 : 0   of 3  
test_mystring test2                 : 0   of 3  
test_mystring test3                 : 0   of 3  
test_mystring test4                 : 0   of 3  
test_mystring test5                 : 0   of 3  
test_mystring test6                 : 0   of 3  
test_mystring test7                 : 0   of 3  
-------------------------------------------------
CS240: Lab 2b. cs240 Sat Aug 29 15:28:05 EDT 2015  Total:  0 of 21



-------------------------------------------------
CS240: Lab 2. liu1589   
Mon Aug 28 15:48:17 EDT 2017
-------------------------------------------------
test_mystring test1                 : 3   of 3  
test_mystring test2                 : 0   of 3  
test_mystring test3                 : 0   of 3  
test_mystring test4                 : 0   of 3  
test_mystring test5                 : 0   of 3  
test_mystring test6                 : 0   of 3  
test_mystring test7                 : 0   of 3  
-------------------------------------------------
CS240: Lab 2. liu1589 Mon Aug 28 15:48:17 EDT 2017  Total:  3 of 21



-------------------------------------------------
CS240: Lab 2. liu1589   
Mon Aug 28 15:50:51 EDT 2017
-------------------------------------------------
test_mystring test1                 : 3   of 3  
test_mystring test2                 : 0   of 3  
test_mystring test3                 : 0   of 3  
test_mystring test4                 : 0   of 3  
test_mystring test5                 : 0   of 3  
test_mystring test6                 : 0   of 3  
test_mystring test7                 : 0   of 3  
-------------------------------------------------
CS240: Lab 2. liu1589 Mon Aug 28 15:50:51 EDT 2017  Total:  3 of 21



-------------------------------------------------
CS240: Lab 2. liu1589   
Mon Aug 28 15:51:44 EDT 2017
-------------------------------------------------
test_mystring test1                 : 3   of 3  
test_mystring test4                 : 0   of 3  
test_mystring test5                 : 0   of 3  
test_mystring test6                 : 0   of 3  
test_mystring test7                 : 0   of 3  
-------------------------------------------------
CS240: Lab 2. liu1589 Mon Aug 28 15:51:44 EDT 2017  Total:  3 of 21



-------------------------------------------------
CS240: Lab 2. liu1589   
Mon Aug 28 15:52:27 EDT 2017
-------------------------------------------------
test_mystring test1                 : 3   of 3  
test_mystring test2                 : 0   of 3  
test_mystring test3                 : 0   of 3  
test_mystring test4                 : 0   of 3  
test_mystring test5                 : 0   of 3  
test_mystring test6                 : 0   of 3  
test_mystring test7                 : 0   of 3  
-------------------------------------------------
CS240: Lab 2. liu1589 Mon Aug 28 15:52:27 EDT 2017  Total:  3 of 21



-------------------------------------------------
CS240: Lab 2. liu1589   
Mon Aug 28 15:54:07 EDT 2017
-------------------------------------------------
test_mystring test1                 : 3   of 3  
test_mystring test2                 : 0   of 3  
test_mystring test3                 : 0   of 3  
test_mystring test4                 : 0   of 3  
test_mystring test5                 : 0   of 3  
test_mystring test6                 : 0   of 3  
test_mystring test7                 : 0   of 3  
-------------------------------------------------
CS240: Lab 2. liu1589 Mon Aug 28 15:54:07 EDT 2017  Total:  3 of 21



-------------------------------------------------
CS240: Lab 2. liu1589   
Mon Aug 28 15:55:10 EDT 2017
-------------------------------------------------
test_mystring test1                 : 3   of 3  
test_mystring test2                 : 0   of 3  
test_mystring test3                 : 0   of 3  
test_mystring test4                 : 0   of 3  
test_mystring test5                 : 0   of 3  
test_mystring test6                 : 0   of 3  
test_mystring test7                 : 0   of 3  
-------------------------------------------------
CS240: Lab 2. liu1589 Mon Aug 28 15:55:10 EDT 2017  Total:  3 of 21



-------------------------------------------------
CS240: Lab 2. liu1589   
Mon Aug 28 16:02:06 EDT 2017
-------------------------------------------------
test_mystring test1                 : 3   of 3  
test_mystring test4                 : 0   of 3  
test_mystring test5                 : 0   of 3  
test_mystring test6                 : 0   of 3  
test_mystring test7                 : 0   of 3  
-------------------------------------------------
CS240: Lab 2. liu1589 Mon Aug 28 16:02:06 EDT 2017  Total:  3 of 21



-------------------------------------------------
CS240: Lab 2. liu1589   
Mon Aug 28 16:03:03 EDT 2017
-------------------------------------------------
test_mystring test1                 : 3   of 3  
test_mystring test4                 : 0   of 3  
test_mystring test5                 : 0   of 3  
test_mystring test6                 : 0   of 3  
test_mystring test7                 : 0   of 3  
-------------------------------------------------
CS240: Lab 2. liu1589 Mon Aug 28 16:03:03 EDT 2017  Total:  3 of 21



-------------------------------------------------
CS240: Lab 2. liu1589   
Mon Aug 28 16:03:15 EDT 2017
-------------------------------------------------
test_mystring test1                 : 3   of 3  
test_mystring test4                 : 0   of 3  
test_mystring test5                 : 0   of 3  
test_mystring test6                 : 0   of 3  
test_mystring test7                 : 0   of 3  
-------------------------------------------------
CS240: Lab 2. liu1589 Mon Aug 28 16:03:15 EDT 2017  Total:  3 of 21



-------------------------------------------------
CS240: Lab 2. liu1589   
Mon Aug 28 16:03:39 EDT 2017
-------------------------------------------------
test_mystring test1                 : 3   of 3  
test_mystring test2                 : 0   of 3  
test_mystring test3                 : 0   of 3  
test_mystring test4                 : 0   of 3  
test_mystring test5                 : 0   of 3  
test_mystring test6                 : 0   of 3  
test_mystring test7                 : 0   of 3  
-------------------------------------------------
CS240: Lab 2. liu1589 Mon Aug 28 16:03:39 EDT 2017  Total:  3 of 21



-------------------------------------------------
CS240: Lab 2. liu1589   
Mon Aug 28 16:05:44 EDT 2017
-------------------------------------------------
test_mystring test1                 : 3   of 3  
test_mystring test4                 : 0   of 3  
test_mystring test5                 : 0   of 3  
test_mystring test6                 : 0   of 3  
test_mystring test7                 : 0   of 3  
-------------------------------------------------
CS240: Lab 2. liu1589 Mon Aug 28 16:05:44 EDT 2017  Total:  3 of 21



-------------------------------------------------
CS240: Lab 2. liu1589   
Mon Aug 28 16:06:18 EDT 2017
-------------------------------------------------
test_mystring test1                 : 3   of 3  
test_mystring test2                 : 0   of 3  
test_mystring test3                 : 0   of 3  
test_mystring test4                 : 0   of 3  
test_mystring test5                 : 0   of 3  
test_mystring test6                 : 0   of 3  
test_mystring test7                 : 0   of 3  
-------------------------------------------------
CS240: Lab 2. liu1589 Mon Aug 28 16:06:18 EDT 2017  Total:  3 of 21



-------------------------------------------------
CS240: Lab 2. liu1589   
Mon Aug 28 16:11:08 EDT 2017
-------------------------------------------------
test_mystring test1                 : 3   of 3  
test_mystring test2                 : 3   of 3  
test_mystring test3                 : 0   of 3  
test_mystring test4                 : 0   of 3  
test_mystring test5                 : 0   of 3  
test_mystring test6                 : 0   of 3  
test_mystring test7                 : 0   of 3  
-------------------------------------------------
CS240: Lab 2. liu1589 Mon Aug 28 16:11:08 EDT 2017  Total:  6 of 21



-------------------------------------------------
CS240: Lab 2. liu1589   
Mon Aug 28 16:17:46 EDT 2017
-------------------------------------------------
test_mystring test1                 : 3   of 3  
test_mystring test2                 : 3   of 3  
test_mystring test4                 : 0   of 3  
test_mystring test5                 : 0   of 3  
test_mystring test6                 : 0   of 3  
test_mystring test7                 : 0   of 3  
-------------------------------------------------
CS240: Lab 2. liu1589 Mon Aug 28 16:17:46 EDT 2017  Total:  6 of 21



-------------------------------------------------
CS240: Lab 2. liu1589   
Mon Aug 28 16:22:08 EDT 2017
-------------------------------------------------
test_mystring test1                 : 3   of 3  
test_mystring test2                 : 3   of 3  
test_mystring test3                 : 0   of 3  
test_mystring test4                 : 0   of 3  
test_mystring test5                 : 0   of 3  
test_mystring test6                 : 0   of 3  
test_mystring test7                 : 0   of 3  
-------------------------------------------------
CS240: Lab 2. liu1589 Mon Aug 28 16:22:08 EDT 2017  Total:  6 of 21



-------------------------------------------------
CS240: Lab 2. liu1589   
Mon Aug 28 16:25:11 EDT 2017
-------------------------------------------------
test_mystring test1                 : 3   of 3  
test_mystring test2                 : 3   of 3  
test_mystring test3                 : 0   of 3  
test_mystring test4                 : 0   of 3  
test_mystring test5                 : 0   of 3  
test_mystring test6                 : 0   of 3  
test_mystring test7                 : 0   of 3  
-------------------------------------------------
CS240: Lab 2. liu1589 Mon Aug 28 16:25:11 EDT 2017  Total:  6 of 21



-------------------------------------------------
CS240: Lab 2. liu1589   
Mon Aug 28 16:25:38 EDT 2017
-------------------------------------------------
test_mystring test1                 : 3   of 3  
test_mystring test2                 : 3   of 3  
test_mystring test3                 : 0   of 3  
test_mystring test4                 : 0   of 3  
test_mystring test5                 : 0   of 3  
test_mystring test6                 : 0   of 3  
test_mystring test7                 : 0   of 3  
-------------------------------------------------
CS240: Lab 2. liu1589 Mon Aug 28 16:25:38 EDT 2017  Total:  6 of 21



-------------------------------------------------
CS240: Lab 2. liu1589   
Mon Aug 28 16:28:12 EDT 2017
-------------------------------------------------
test_mystring test1                 : 3   of 3  
test_mystring test2                 : 3   of 3  
test_mystring test3                 : 0   of 3  
test_mystring test4                 : 0   of 3  
test_mystring test5                 : 0   of 3  
test_mystring test6                 : 0   of 3  
test_mystring test7                 : 0   of 3  
-------------------------------------------------
CS240: Lab 2. liu1589 Mon Aug 28 16:28:12 EDT 2017  Total:  6 of 21



-------------------------------------------------
CS240: Lab 2. liu1589   
Mon Aug 28 16:30:52 EDT 2017
-------------------------------------------------
test_mystring test1                 : 3   of 3  
test_mystring test2                 : 3   of 3  
test_mystring test3                 : 0   of 3  
test_mystring test4                 : 0   of 3  
test_mystring test5                 : 0   of 3  
test_mystring test6                 : 0   of 3  
test_mystring test7                 : 0   of 3  
-------------------------------------------------
CS240: Lab 2. liu1589 Mon Aug 28 16:30:52 EDT 2017  Total:  6 of 21



-------------------------------------------------
CS240: Lab 2. liu1589   
Mon Aug 28 16:51:32 EDT 2017
-------------------------------------------------
test_mystring test1                 : 3   of 3  
test_mystring test2                 : 3   of 3  
test_mystring test3                 : 0   of 3  
test_mystring test4                 : 0   of 3  
test_mystring test5                 : 0   of 3  
test_mystring test6                 : 0   of 3  
test_mystring test7                 : 0   of 3  
-------------------------------------------------
CS240: Lab 2. liu1589 Mon Aug 28 16:51:32 EDT 2017  Total:  6 of 21



-------------------------------------------------
CS240: Lab 2. liu1589   
Mon Aug 28 16:52:29 EDT 2017
-------------------------------------------------
test_mystring test1                 : 3   of 3  
test_mystring test2                 : 3   of 3  
test_mystring test3                 : 0   of 3  
test_mystring test4                 : 0   of 3  
test_mystring test5                 : 0   of 3  
test_mystring test6                 : 0   of 3  
test_mystring test7                 : 0   of 3  
-------------------------------------------------
CS240: Lab 2. liu1589 Mon Aug 28 16:52:29 EDT 2017  Total:  6 of 21



-------------------------------------------------
CS240: Lab 2. liu1589   
Mon Aug 28 16:54:15 EDT 2017
-------------------------------------------------
test_mystring test1                 : 3   of 3  
test_mystring test2                 : 3   of 3  
test_mystring test3                 : 0   of 3  
test_mystring test4                 : 0   of 3  
test_mystring test5                 : 0   of 3  
test_mystring test6                 : 0   of 3  
test_mystring test7                 : 0   of 3  
-------------------------------------------------
CS240: Lab 2. liu1589 Mon Aug 28 16:54:15 EDT 2017  Total:  6 of 21



-------------------------------------------------
CS240: Lab 2. liu1589   
Tue Aug 29 11:35:42 EDT 2017
-------------------------------------------------
test_mystring test1                 : 3   of 3  
test_mystring test2                 : 3   of 3  
test_mystring test3                 : 0   of 3  
test_mystring test4                 : 0   of 3  
test_mystring test5                 : 0   of 3  
test_mystring test6                 : 0   of 3  
test_mystring test7                 : 0   of 3  
-------------------------------------------------
CS240: Lab 2. liu1589 Tue Aug 29 11:35:42 EDT 2017  Total:  6 of 21



-------------------------------------------------
CS240: Lab 2. liu1589   
Tue Aug 29 11:49:23 EDT 2017
-------------------------------------------------
test_mystring test1                 : 3   of 3  
test_mystring test2                 : 3   of 3  
test_mystring test3                 : 0   of 3  
test_mystring test4                 : 0   of 3  
test_mystring test5                 : 0   of 3  
test_mystring test6                 : 0   of 3  
test_mystring test7                 : 0   of 3  
-------------------------------------------------
CS240: Lab 2. liu1589 Tue Aug 29 11:49:23 EDT 2017  Total:  6 of 21



-------------------------------------------------
CS240: Lab 2. liu1589   
Tue Aug 29 11:55:50 EDT 2017
-------------------------------------------------
test_mystring test1                 : 3   of 3  
test_mystring test2                 : 3   of 3  
test_mystring test3                 : 0   of 3  
test_mystring test4                 : 0   of 3  
test_mystring test5                 : 0   of 3  
test_mystring test6                 : 0   of 3  
test_mystring test7                 : 0   of 3  
-------------------------------------------------
CS240: Lab 2. liu1589 Tue Aug 29 11:55:50 EDT 2017  Total:  6 of 21



-------------------------------------------------
CS240: Lab 2. liu1589   
Tue Aug 29 11:59:14 EDT 2017
-------------------------------------------------
test_mystring test1                 : 3   of 3  
test_mystring test2                 : 3   of 3  
test_mystring test3                 : 0   of 3  
test_mystring test4                 : 0   of 3  
test_mystring test5                 : 0   of 3  
test_mystring test6                 : 0   of 3  
test_mystring test7                 : 0   of 3  
-------------------------------------------------
CS240: Lab 2. liu1589 Tue Aug 29 11:59:14 EDT 2017  Total:  6 of 21



-------------------------------------------------
CS240: Lab 2. liu1589   
Tue Aug 29 12:02:59 EDT 2017
-------------------------------------------------
test_mystring test1                 : 3   of 3  
test_mystring test2                 : 3   of 3  
test_mystring test3                 : 0   of 3  
test_mystring test4                 : 0   of 3  
test_mystring test5                 : 0   of 3  
test_mystring test6                 : 0   of 3  
test_mystring test7                 : 0   of 3  
-------------------------------------------------
CS240: Lab 2. liu1589 Tue Aug 29 12:02:59 EDT 2017  Total:  6 of 21



-------------------------------------------------
CS240: Lab 2. liu1589   
Tue Aug 29 12:07:48 EDT 2017
-------------------------------------------------
test_mystring test1                 : 3   of 3  
test_mystring test2                 : 3   of 3  
test_mystring test3                 : 0   of 3  
test_mystring test4                 : 0   of 3  
test_mystring test5                 : 0   of 3  
test_mystring test6                 : 0   of 3  
test_mystring test7                 : 0   of 3  
-------------------------------------------------
CS240: Lab 2. liu1589 Tue Aug 29 12:07:48 EDT 2017  Total:  6 of 21



-------------------------------------------------
CS240: Lab 2. liu1589   
Tue Aug 29 15:55:10 EDT 2017
-------------------------------------------------
test_mystring test1                 : 3   of 3  
test_mystring test2                 : 3   of 3  
test_mystring test3                 : 0   of 3  
test_mystring test4                 : 0   of 3  
test_mystring test5                 : 0   of 3  
test_mystring test6                 : 0   of 3  
test_mystring test7                 : 0   of 3  
-------------------------------------------------
CS240: Lab 2. liu1589 Tue Aug 29 15:55:10 EDT 2017  Total:  6 of 21



-------------------------------------------------
CS240: Lab 2. liu1589   
Tue Aug 29 16:00:11 EDT 2017
-------------------------------------------------
test_mystring test1                 : 3   of 3  
test_mystring test2                 : 3   of 3  
test_mystring test3                 : 0   of 3  
test_mystring test4                 : 0   of 3  
test_mystring test5                 : 0   of 3  
test_mystring test6                 : 0   of 3  
test_mystring test7                 : 0   of 3  
-------------------------------------------------
CS240: Lab 2. liu1589 Tue Aug 29 16:00:11 EDT 2017  Total:  6 of 21



-------------------------------------------------
CS240: Lab 2. liu1589   
Tue Aug 29 16:04:19 EDT 2017
-------------------------------------------------
test_mystring test1                 : 3   of 3  
test_mystring test2                 : 3   of 3  
test_mystring test3                 : 0   of 3  
test_mystring test4                 : 0   of 3  
test_mystring test5                 : 0   of 3  
test_mystring test6                 : 0   of 3  
test_mystring test7                 : 0   of 3  
-------------------------------------------------
CS240: Lab 2. liu1589 Tue Aug 29 16:04:19 EDT 2017  Total:  6 of 21



-------------------------------------------------
CS240: Lab 2. liu1589   
Tue Aug 29 16:05:41 EDT 2017
-------------------------------------------------
test_mystring test1                 : 3   of 3  
test_mystring test2                 : 3   of 3  
test_mystring test3                 : 0   of 3  
test_mystring test4                 : 3   of 3  
test_mystring test5                 : 0   of 3  
test_mystring test6                 : 0   of 3  
test_mystring test7                 : 0   of 3  
-------------------------------------------------
CS240: Lab 2. liu1589 Tue Aug 29 16:05:41 EDT 2017  Total:  9 of 21



-------------------------------------------------
CS240: Lab 2. liu1589   
Tue Aug 29 16:06:55 EDT 2017
-------------------------------------------------
test_mystring test1                 : 3   of 3  
test_mystring test2                 : 3   of 3  
test_mystring test3                 : 0   of 3  
test_mystring test4                 : 3   of 3  
test_mystring test5                 : 0   of 3  
test_mystring test6                 : 0   of 3  
test_mystring test7                 : 0   of 3  
-------------------------------------------------
CS240: Lab 2. liu1589 Tue Aug 29 16:06:55 EDT 2017  Total:  9 of 21



-------------------------------------------------
CS240: Lab 2. liu1589   
Tue Aug 29 18:01:23 EDT 2017
-------------------------------------------------
test_mystring test1                 : 3   of 3  
test_mystring test2                 : 3   of 3  
test_mystring test3                 : 0   of 3  
test_mystring test4                 : 3   of 3  
test_mystring test5                 : 0   of 3  
test_mystring test6                 : 0   of 3  
test_mystring test7                 : 0   of 3  
-------------------------------------------------
CS240: Lab 2. liu1589 Tue Aug 29 18:01:23 EDT 2017  Total:  9 of 21



-------------------------------------------------
CS240: Lab 2. liu1589   
Tue Aug 29 18:07:13 EDT 2017
-------------------------------------------------
test_mystring test1                 : 3   of 3  
test_mystring test2                 : 3   of 3  
test_mystring test3                 : 0   of 3  
test_mystring test4                 : 3   of 3  
test_mystring test5                 : 0   of 3  
test_mystring test6                 : 0   of 3  
test_mystring test7                 : 0   of 3  
-------------------------------------------------
CS240: Lab 2. liu1589 Tue Aug 29 18:07:13 EDT 2017  Total:  9 of 21



-------------------------------------------------
CS240: Lab 2. liu1589   
Tue Aug 29 18:08:04 EDT 2017
-------------------------------------------------
test_mystring test1                 : 3   of 3  
test_mystring test2                 : 3   of 3  
test_mystring test3                 : 0   of 3  
test_mystring test4                 : 3   of 3  
test_mystring test5                 : 0   of 3  
test_mystring test6                 : 0   of 3  
test_mystring test7                 : 0   of 3  
-------------------------------------------------
CS240: Lab 2. liu1589 Tue Aug 29 18:08:04 EDT 2017  Total:  9 of 21



-------------------------------------------------
CS240: Lab 2. liu1589   
Tue Aug 29 18:09:21 EDT 2017
-------------------------------------------------
test_mystring test1                 : 3   of 3  
test_mystring test2                 : 3   of 3  
test_mystring test3                 : 0   of 3  
test_mystring test4                 : 3   of 3  
test_mystring test5                 : 0   of 3  
test_mystring test6                 : 0   of 3  
test_mystring test7                 : 0   of 3  
-------------------------------------------------
CS240: Lab 2. liu1589 Tue Aug 29 18:09:21 EDT 2017  Total:  9 of 21



-------------------------------------------------
CS240: Lab 2. liu1589   
Tue Aug 29 18:16:16 EDT 2017
-------------------------------------------------
test_mystring test1                 : 3   of 3  
test_mystring test2                 : 3   of 3  
test_mystring test3                 : 0   of 3  
test_mystring test4                 : 3   of 3  
test_mystring test5                 : 0   of 3  
test_mystring test6                 : 0   of 3  
test_mystring test7                 : 0   of 3  
-------------------------------------------------
CS240: Lab 2. liu1589 Tue Aug 29 18:16:16 EDT 2017  Total:  9 of 21



-------------------------------------------------
CS240: Lab 2. liu1589   
Tue Aug 29 18:28:41 EDT 2017
-------------------------------------------------
test_mystring test1                 : 3   of 3  
test_mystring test2                 : 3   of 3  
test_mystring test3                 : 0   of 3  
test_mystring test4                 : 3   of 3  
test_mystring test5                 : 0   of 3  
test_mystring test6                 : 0   of 3  
test_mystring test7                 : 0   of 3  
-------------------------------------------------
CS240: Lab 2. liu1589 Tue Aug 29 18:28:41 EDT 2017  Total:  9 of 21



-------------------------------------------------
CS240: Lab 2. liu1589   
Tue Aug 29 18:30:39 EDT 2017
-------------------------------------------------
test_mystring test1                 : 3   of 3  
test_mystring test2                 : 3   of 3  
test_mystring test3                 : 0   of 3  
test_mystring test4                 : 3   of 3  
test_mystring test5                 : 0   of 3  
test_mystring test6                 : 0   of 3  
test_mystring test7                 : 0   of 3  
-------------------------------------------------
CS240: Lab 2. liu1589 Tue Aug 29 18:30:39 EDT 2017  Total:  9 of 21



-------------------------------------------------
CS240: Lab 2. liu1589   
Tue Aug 29 18:32:56 EDT 2017
-------------------------------------------------
test_mystring test1                 : 3   of 3  
test_mystring test2                 : 3   of 3  
test_mystring test3                 : 0   of 3  
test_mystring test4                 : 3   of 3  
test_mystring test5                 : 0   of 3  
test_mystring test6                 : 0   of 3  
test_mystring test7                 : 0   of 3  
-------------------------------------------------
CS240: Lab 2. liu1589 Tue Aug 29 18:32:56 EDT 2017  Total:  9 of 21



-------------------------------------------------
CS240: Lab 2. liu1589   
Tue Aug 29 18:35:34 EDT 2017
-------------------------------------------------
test_mystring test1                 : 3   of 3  
test_mystring test2                 : 3   of 3  
test_mystring test3                 : 0   of 3  
test_mystring test4                 : 3   of 3  
test_mystring test5                 : 0   of 3  
test_mystring test6                 : 0   of 3  
test_mystring test7                 : 0   of 3  
-------------------------------------------------
CS240: Lab 2. liu1589 Tue Aug 29 18:35:34 EDT 2017  Total:  9 of 21



-------------------------------------------------
CS240: Lab 2. liu1589   
Tue Aug 29 18:36:10 EDT 2017
-------------------------------------------------
test_mystring test1                 : 3   of 3  
test_mystring test2                 : 3   of 3  
test_mystring test3                 : 0   of 3  
test_mystring test4                 : 3   of 3  
test_mystring test5                 : 0   of 3  
test_mystring test6                 : 0   of 3  
test_mystring test7                 : 0   of 3  
-------------------------------------------------
CS240: Lab 2. liu1589 Tue Aug 29 18:36:10 EDT 2017  Total:  9 of 21



-------------------------------------------------
CS240: Lab 2. liu1589   
Tue Aug 29 18:36:44 EDT 2017
-------------------------------------------------
test_mystring test1                 : 3   of 3  
test_mystring test2                 : 3   of 3  
test_mystring test3                 : 0   of 3  
test_mystring test4                 : 3   of 3  
test_mystring test5                 : 0   of 3  
test_mystring test6                 : 0   of 3  
test_mystring test7                 : 0   of 3  
-------------------------------------------------
CS240: Lab 2. liu1589 Tue Aug 29 18:36:44 EDT 2017  Total:  9 of 21



-------------------------------------------------
CS240: Lab 2. liu1589   
Tue Aug 29 18:45:24 EDT 2017
-------------------------------------------------
test_mystring test1                 : 3   of 3  
test_mystring test2                 : 3   of 3  
test_mystring test3                 : 3   of 3  
test_mystring test4                 : 3   of 3  
test_mystring test5                 : 0   of 3  
test_mystring test6                 : 0   of 3  
test_mystring test7                 : 0   of 3  
-------------------------------------------------
CS240: Lab 2. liu1589 Tue Aug 29 18:45:24 EDT 2017  Total:  12 of 21



-------------------------------------------------
CS240: Lab 2. liu1589   
Tue Aug 29 19:04:54 EDT 2017
-------------------------------------------------
test_mystring test1                 : 3   of 3  
test_mystring test2                 : 3   of 3  
test_mystring test3                 : 3   of 3  
test_mystring test4                 : 3   of 3  
test_mystring test5                 : 0   of 3  
test_mystring test6                 : 0   of 3  
test_mystring test7                 : 0   of 3  
-------------------------------------------------
CS240: Lab 2. liu1589 Tue Aug 29 19:04:54 EDT 2017  Total:  12 of 21



-------------------------------------------------
CS240: Lab 2. liu1589   
Tue Aug 29 19:05:55 EDT 2017
-------------------------------------------------
test_mystring test1                 : 3   of 3  
test_mystring test2                 : 3   of 3  
test_mystring test3                 : 3   of 3  
test_mystring test4                 : 3   of 3  
test_mystring test5                 : 0   of 3  
test_mystring test6                 : 0   of 3  
test_mystring test7                 : 0   of 3  
-------------------------------------------------
CS240: Lab 2. liu1589 Tue Aug 29 19:05:55 EDT 2017  Total:  12 of 21



-------------------------------------------------
CS240: Lab 2. liu1589   
Tue Aug 29 19:19:10 EDT 2017
-------------------------------------------------
test_mystring test1                 : 3   of 3  
test_mystring test2                 : 3   of 3  
test_mystring test3                 : 3   of 3  
test_mystring test4                 : 3   of 3  
test_mystring test6                 : 0   of 3  
test_mystring test7                 : 0   of 3  
-------------------------------------------------
CS240: Lab 2. liu1589 Tue Aug 29 19:19:10 EDT 2017  Total:  12 of 21



-------------------------------------------------
CS240: Lab 2. liu1589   
Tue Aug 29 19:37:28 EDT 2017
-------------------------------------------------
test_mystring test1                 : 3   of 3  
test_mystring test2                 : 3   of 3  
test_mystring test3                 : 3   of 3  
test_mystring test4                 : 3   of 3  
test_mystring test5                 : 3   of 3  
test_mystring test6                 : 0   of 3  
test_mystring test7                 : 0   of 3  
-------------------------------------------------
CS240: Lab 2. liu1589 Tue Aug 29 19:37:28 EDT 2017  Total:  15 of 21



-------------------------------------------------
CS240: Lab 2. liu1589   
Tue Aug 29 20:44:45 EDT 2017
-------------------------------------------------
test_mystring test1                 : 3   of 3  
test_mystring test2                 : 3   of 3  
test_mystring test3                 : 3   of 3  
test_mystring test4                 : 3   of 3  
test_mystring test5                 : 3   of 3  
test_mystring test6                 : 0   of 3  
test_mystring test7                 : 0   of 3  
-------------------------------------------------
CS240: Lab 2. liu1589 Tue Aug 29 20:44:45 EDT 2017  Total:  15 of 21



-------------------------------------------------
CS240: Lab 2. liu1589   
Wed Aug 30 09:30:03 EDT 2017
-------------------------------------------------
test_mystring test1                 : 3   of 3  
test_mystring test2                 : 3   of 3  
test_mystring test3                 : 3   of 3  
test_mystring test4                 : 3   of 3  
test_mystring test5                 : 3   of 3  
test_mystring test6                 : 0   of 3  
test_mystring test7                 : 0   of 3  
-------------------------------------------------
CS240: Lab 2. liu1589 Wed Aug 30 09:30:03 EDT 2017  Total:  15 of 21



-------------------------------------------------
CS240: Lab 2. liu1589   
Wed Aug 30 09:35:16 EDT 2017
-------------------------------------------------
test_mystring test1                 : 3   of 3  
test_mystring test2                 : 3   of 3  
test_mystring test3                 : 3   of 3  
test_mystring test4                 : 3   of 3  
test_mystring test5                 : 3   of 3  
test_mystring test6                 : 3   of 3  
test_mystring test7                 : 0   of 3  
-------------------------------------------------
CS240: Lab 2. liu1589 Wed Aug 30 09:35:16 EDT 2017  Total:  18 of 21



-------------------------------------------------
CS240: Lab 2. liu1589   
Wed Aug 30 09:39:34 EDT 2017
-------------------------------------------------
test_mystring test1                 : 3   of 3  
test_mystring test2                 : 3   of 3  
test_mystring test3                 : 3   of 3  
test_mystring test4                 : 3   of 3  
test_mystring test5                 : 3   of 3  
test_mystring test6                 : 3   of 3  
test_mystring test7                 : 3   of 3  
-------------------------------------------------
CS240: Lab 2. liu1589 Wed Aug 30 09:39:34 EDT 2017  Total:  21 of 21



-------------------------------------------------
CS240: Lab 2. liu1589   
Wed Aug 30 09:39:51 EDT 2017
-------------------------------------------------
test_mystring test1                 : 3   of 3  
test_mystring test2                 : 3   of 3  
test_mystring test3                 : 3   of 3  
test_mystring test4                 : 3   of 3  
test_mystring test5                 : 3   of 3  
test_mystring test6                 : 3   of 3  
test_mystring test7                 : 3   of 3  
-------------------------------------------------
CS240: Lab 2. liu1589 Wed Aug 30 09:39:51 EDT 2017  Total:  21 of 21



-------------------------------------------------
CS240: Lab 2. liu1589   
Sat Sep  2 16:10:17 EDT 2017
-------------------------------------------------
test_mystring test1                 : 3   of 3  
test_mystring test2                 : 3   of 3  
test_mystring test3                 : 3   of 3  
test_mystring test4                 : 3   of 3  
test_mystring test5                 : 3   of 3  
test_mystring test6                 : 3   of 3  
test_mystring test7                 : 3   of 3  
-------------------------------------------------
CS240: Lab 2. liu1589 Sat Sep 2 16:10:17 EDT 2017  Total:  21 of 21



-------------------------------------------------
CS240: Lab 2. liu1589   
Sat Sep  2 16:11:38 EDT 2017
-------------------------------------------------
test_mystring test1                 : 3   of 3  
test_mystring test2                 : 3   of 3  
test_mystring test3                 : 3   of 3  
test_mystring test4                 : 3   of 3  
test_mystring test5                 : 3   of 3  
test_mystring test6                 : 3   of 3  
test_mystring test7                 : 3   of 3  
-------------------------------------------------
CS240: Lab 2. liu1589 Sat Sep 2 16:11:38 EDT 2017  Total:  21 of 21



-------------------------------------------------
CS240: Lab 2. liu1589   
Tue Sep  5 10:15:51 EDT 2017
-------------------------------------------------
test_mystring test1                 : 3   of 3  
test_mystring test2                 : 3   of 3  
test_mystring test3                 : 3   of 3  
test_mystring test4                 : 3   of 3  
test_mystring test5                 : 3   of 3  
test_mystring test6                 : 3   of 3  
test_mystring test7                 : 3   of 3  
-------------------------------------------------
CS240: Lab 2. liu1589 Tue Sep 5 10:15:51 EDT 2017  Total:  21 of 21



-------------------------------------------------
CS240: Lab 2. liu1589   
Thu Sep  7 12:14:53 EDT 2017
-------------------------------------------------
test_mystring test1                 : 3   of 3  
test_mystring test2                 : 3   of 3  
test_mystring test3                 : 3   of 3  
test_mystring test4                 : 3   of 3  
test_mystring test5                 : 3   of 3  
test_mystring test6                 : 3   of 3  
test_mystring test7                 : 3   of 3  
-------------------------------------------------
CS240: Lab 2. liu1589 Thu Sep 7 12:14:53 EDT 2017  Total:  21 of 21



-------------------------------------------------
CS240: Lab 2. liu1589   
Sun Sep 10 12:33:53 EDT 2017
-------------------------------------------------
test_mystring test1                 : 3   of 3  
test_mystring test2                 : 3   of 3  
test_mystring test3                 : 3   of 3  
test_mystring test4                 : 3   of 3  
test_mystring test5                 : 3   of 3  
test_mystring test6                 : 3   of 3  
test_mystring test7                 : 3   of 3  
-------------------------------------------------
CS240: Lab 2. liu1589 Sun Sep 10 12:33:53 EDT 2017  Total:  21 of 21



-------------------------------------------------
CS240: Lab 2. liu1589   
Sat Feb 17 11:45:42 EST 2018
-------------------------------------------------
test_mystring test1                 : 3   of 3  
test_mystring test2                 : 3   of 3  
test_mystring test3                 : 3   of 3  
test_mystring test4                 : 3   of 3  
test_mystring test5                 : 3   of 3  
test_mystring test6                 : 3   of 3  
test_mystring test7                 : 3   of 3  
-------------------------------------------------
CS240: Lab 2. liu1589 Sat Feb 17 11:45:42 EST 2018  Total:  21 of 21

