CS240: Exam3. pheldrin Sun Dec 13 21:20:02 EST 2015  Total:  25 of 25
25
25
CS240: Exam3. pheldrin Sun Dec 13 21:20:11 EST 2015  Total:  25 of 25
25
25
CS240: Exam3. pheldrin Sun Dec 13 21:20:31 EST 2015  Total:  25 of 25
25
25
CS240: Exam3. pheldrin Sun Dec 13 21:39:46 EST 2015  Total:  0 of 25
0
25
CS240: Exam3. pheldrin Sun Dec 13 21:45:11 EST 2015  Total:  0 of 25
0
25
CS240: Exam3. pheldrin Sun Dec 13 21:45:39 EST 2015  Total:  0 of 25
0
25
CS240: Exam3. pheldrin Sun Dec 13 21:46:04 EST 2015  Total:  0 of 25
0
25
CS240: Exam3. cs240 Tue Nov 14 08:50:53 EST 2017  Total:  7 of 25
7
25
CS240: Exam3. cs240 Tue Nov 14 08:51:31 EST 2017  Total:  7 of 25
7
25
CS240: Exam3. cs240 Tue Nov 14 08:55:07 EST 2017  Total:  2 of 25
2
25
CS240: Exam3. cs240 Tue Nov 14 08:56:47 EST 2017  Total:  2 of 25
2
25
CS240: Exam3. liu1589 Tue Nov 28 22:21:17 EST 2017  Total:  2 of 25
2
25
CS240: Exam3. liu1589 Tue Nov 28 22:28:24 EST 2017  Total:  2 of 25
2
25
CS240: Exam3. liu1589 Tue Nov 28 23:20:18 EST 2017  Total:  2 of 25
2
25
CS240: Exam3. liu1589 Tue Nov 28 23:40:53 EST 2017  Total:  2 of 25
2
25
CS240: Exam3. liu1589 Tue Nov 28 23:49:49 EST 2017  Total:  2 of 25
2
25
CS240: Exam3. liu1589 Tue Nov 28 23:58:37 EST 2017  Total:  8 of 25
8
25
CS240: Exam3. liu1589 Wed Nov 29 18:47:00 EST 2017  Total:  8 of 25
8
25
CS240: Exam3. liu1589 Wed Nov 29 19:08:27 EST 2017  Total:  8 of 25
8
25
CS240: Exam3. liu1589 Wed Nov 29 19:08:35 EST 2017  Total:  8 of 25
8
25
CS240: Exam3. liu1589 Wed Nov 29 19:10:54 EST 2017  Total:  8 of 25
8
25
CS240: Exam3. liu1589 Wed Nov 29 19:11:46 EST 2017  Total:  12 of 25
12
25
CS240: Exam3. liu1589 Wed Nov 29 19:12:13 EST 2017  Total:  12 of 25
12
25
CS240: Exam3. liu1589 Wed Nov 29 19:21:03 EST 2017  Total:  14 of 25
14
25
CS240: Exam3. liu1589 Wed Nov 29 19:24:35 EST 2017  Total:  16 of 25
16
25
CS240: Exam3. liu1589 Wed Nov 29 19:25:09 EST 2017  Total:  19 of 25
19
25
CS240: Exam3. liu1589 Wed Nov 29 19:52:12 EST 2017  Total:  19 of 25
19
25
CS240: Exam3. liu1589 Wed Nov 29 19:53:54 EST 2017  Total:  22 of 25
22
25
CS240: Exam3. liu1589 Wed Nov 29 19:55:17 EST 2017  Total:  25 of 25
25
25
CS240: Exam3. liu1589 Wed Nov 29 22:29:02 EST 2017  Total:  25 of 25
25
25
CS240: Exam3. liu1589 Thu Nov 30 01:43:18 EST 2017  Total:  25 of 25
25
25
CS240: Exam3. liu1589 Thu Nov 30 09:02:21 EST 2017  Total:  25 of 25
25
25
