CS240: lab4. cs240 Tue Oct 13 21:53:11 EDT 2015  Total:  9 of 100

CS240: lab4. cs240 Tue Oct 13 21:57:46 EDT 2015  Total:  10 of 100

CS240: lab4. cs240 Tue Oct 13 21:58:16 EDT 2015  Total:  -11 of 79

CS240: lab4. cs240 Tue Oct 13 22:00:08 EDT 2015  Total:  -14 of 64

CS240: lab4. cs240 Tue Oct 13 22:00:41 EDT 2015  Total:  -14 of 64

CS240: lab5. cs240 Tue Oct 13 22:01:11 EDT 2015  Total:  6 of 64

CS240: lab5. cs240 Sun Feb 26 17:26:15 EST 2017  Total:  6 of 64

CS240: lab7. cs240 Tue Feb 28 10:29:18 EST 2017  Total:  0 of 28

CS240: lab7. cs240 Tue Feb 28 10:29:22 EST 2017  Total:  0 of 28

CS240: lab7. liu1589 Thu Oct 12 11:48:12 EDT 2017  Total:  0 of 28

CS240: lab7. liu1589 Thu Oct 12 11:52:01 EDT 2017  Total:  0 of 28

CS240: lab7. liu1589 Thu Oct 12 12:04:57 EDT 2017  Total:  0 of 28

CS240: lab7. liu1589 Thu Oct 12 12:11:27 EDT 2017  Total:  0 of 28

CS240: lab7. liu1589 Thu Oct 12 12:14:21 EDT 2017  Total:  8 of 28

CS240: lab7. liu1589 Thu Oct 12 12:18:14 EDT 2017  Total:  8 of 28

CS240: lab7. liu1589 Thu Oct 12 12:18:43 EDT 2017  Total:  8 of 28

CS240: lab7. liu1589 Thu Oct 12 12:40:59 EDT 2017  Total:  8 of 28

CS240: lab7. liu1589 Thu Oct 12 12:43:05 EDT 2017  Total:  8 of 28

CS240: lab7. liu1589 Thu Oct 12 12:43:52 EDT 2017  Total:  8 of 28

CS240: lab7. liu1589 Thu Oct 12 13:02:29 EDT 2017  Total:  8 of 28

CS240: lab7. liu1589 Tue Oct 17 18:33:07 EDT 2017  Total:  8 of 28

CS240: lab7. liu1589 Tue Oct 17 18:59:14 EDT 2017  Total:  8 of 28

CS240: lab7. liu1589 Tue Oct 17 19:26:47 EDT 2017  Total:  8 of 28

CS240: lab7. liu1589 Tue Oct 17 19:28:26 EDT 2017  Total:  8 of 28

CS240: lab7. liu1589 Tue Oct 17 19:41:17 EDT 2017  Total:  8 of 28

CS240: lab7. liu1589 Tue Oct 17 20:21:14 EDT 2017  Total:  8 of 28

CS240: lab7. liu1589 Tue Oct 17 20:23:55 EDT 2017  Total:  8 of 28

CS240: lab7. liu1589 Tue Oct 17 20:27:18 EDT 2017  Total:  8 of 28

CS240: lab7. liu1589 Tue Oct 17 20:38:41 EDT 2017  Total:  16 of 28

CS240: lab7. liu1589 Tue Oct 17 20:50:42 EDT 2017  Total:  16 of 28

CS240: lab7. liu1589 Tue Oct 17 21:07:21 EDT 2017  Total:  19 of 28

CS240: lab7. liu1589 Tue Oct 17 21:09:46 EDT 2017  Total:  19 of 28

CS240: lab7. liu1589 Tue Oct 17 21:19:37 EDT 2017  Total:  19 of 28

CS240: lab7. liu1589 Wed Oct 18 14:31:52 EDT 2017  Total:  19 of 28

CS240: lab7. liu1589 Wed Oct 18 14:32:22 EDT 2017  Total:  19 of 28

CS240: lab7. liu1589 Wed Oct 18 14:32:34 EDT 2017  Total:  19 of 28

CS240: lab7. liu1589 Wed Oct 18 14:32:50 EDT 2017  Total:  19 of 28

CS240: lab7. liu1589 Wed Oct 18 14:33:21 EDT 2017  Total:  28 of 28

CS240: lab7. liu1589 Thu Oct 19 11:46:49 EDT 2017  Total:  28 of 28

